<?xml version="1.0" encoding="UTF-8"?>
<!-- Generated by org.testng.reporters.JUnitReportReporter -->
<testsuite hostname="JAYESH" failures="0" tests="1" name="com.asha.AutomationFrameworkLearning.App" time="5.716" errors="0" timestamp="2023-06-15T18:29:46 EDT" skipped="0">
  <testcase classname="com.asha.AutomationFrameworkLearning.App" name="test1" time="5.716"/>
  <system-out/>
</testsuite> <!-- com.asha.AutomationFrameworkLearning.App -->
