<?xml version="1.0" encoding="UTF-8"?>
<!-- Generated by org.testng.reporters.JUnitReportReporter -->
<testsuite hostname="JAYESH" failures="0" tests="1" name="com.asha.AutomationFrameworkLearning.YourStoreTest" time="45.312" errors="0" timestamp="2023-06-18T12:50:55 EDT" skipped="0">
  <testcase classname="com.asha.AutomationFrameworkLearning.YourStoreTest" name="validateSuccessShopping" time="45.312"/>
  <system-out/>
</testsuite> <!-- com.asha.AutomationFrameworkLearning.YourStoreTest -->
